#
# There is insufficient memory for the Java Runtime Environment to continue.
# Native memory allocation (malloc) failed to allocate 600656 bytes for Chunk::new
# Possible reasons:
#   The system is out of physical RAM or swap space
#   The process is running with CompressedOops enabled, and the Java Heap may be blocking the growth of the native heap
# Possible solutions:
#   Reduce memory load on the system
#   Increase physical memory or swap space
#   Check if swap backing store is full
#   Decrease Java heap size (-Xmx/-Xms)
#   Decrease number of Java threads
#   Decrease Java thread stack sizes (-Xss)
#   Set larger code cache with -XX:ReservedCodeCacheSize=
#   JVM is running with Unscaled Compressed Oops mode in which the Java heap is
#     placed in the first 4GB address space. The Java Heap base address is the
#     maximum limit for the native heap growth. Please use -XX:HeapBaseMinAddress
#     to set the Java Heap base and to place the Java Heap above 4GB virtual address.
# This output file may be truncated or incomplete.
#
#  Out of Memory Error (arena.cpp:189), pid=7000, tid=7092
#
# JRE version: OpenJDK Runtime Environment (17.0.5+8) (build 17.0.5+8-LTS)
# Java VM: OpenJDK 64-Bit Server VM (17.0.5+8-LTS, mixed mode, sharing, tiered, compressed oops, compressed class ptrs, g1 gc, windows-amd64)
# No core dump will be written. Minidumps are not enabled by default on client versions of Windows
#

---------------  S U M M A R Y ------------

Command Line: -javaagent:C:\Program Files\JetBrains\IntelliJ IDEA Community Edition 2022.3.2\lib\idea_rt.jar=53257:C:\Program Files\JetBrains\IntelliJ IDEA Community Edition 2022.3.2\bin -Dfile.encoding=UTF-8 com.example.Security.SecurityApplication

Host: AMD Phenom(tm) II X4 810 Processor, 4 cores, 3G,  Windows 10 , 64 bit Build 19041 (10.0.19041.2913)
Time: Mon May 29 00:32:10 2023 Hora estándar de Argentina elapsed time: 3.049588 seconds (0d 0h 0m 3s)

---------------  T H R E A D  ---------------

Current thread (0x000001b1a2993040):  JavaThread "C2 CompilerThread1" daemon [_thread_in_native, id=7092, stack(0x0000009a8d100000,0x0000009a8d200000)]


Current CompileTask:
C2:   3049 1700       4       jdk.internal.org.objectweb.asm.Frame::execute (2305 bytes)

Stack: [0x0000009a8d100000,0x0000009a8d200000]
Native frames: (J=compiled Java code, j=interpreted, Vv=VM code, C=native code)
V  [jvm.dll+0x6469ca]
V  [jvm.dll+0x7f7934]
V  [jvm.dll+0x7f90ee]
V  [jvm.dll+0x7f9743]
V  [jvm.dll+0x234a98]
V  [jvm.dll+0xbcb3c]
V  [jvm.dll+0xbd11c]
V  [jvm.dll+0x29bd22]
V  [jvm.dll+0x553528]
V  [jvm.dll+0x2110fb]
V  [jvm.dll+0x20a4f9]
V  [jvm.dll+0x208522]
V  [jvm.dll+0x19882d]
V  [jvm.dll+0x2179dd]
V  [jvm.dll+0x215c24]
V  [jvm.dll+0x7b018b]
V  [jvm.dll+0x7aa73a]
V  [jvm.dll+0x645895]
C  [ucrtbase.dll+0x21bb2]
C  [KERNEL32.DLL+0x17614]
C  [ntdll.dll+0x526a1]


---------------  P R O C E S S  ---------------

Threads class SMR info:
_java_thread_list=0x000001b1a2b25810, length=15, elements={
0x000001b182e915d0, 0x000001b182f49b40, 0x000001b182f4a9b0, 0x000001b182f598a0,
0x000001b182f5a360, 0x000001b182f5cd30, 0x000001b182f5e600, 0x000001b1a1443790,
0x000001b1a14456b0, 0x000001b1a1460ba0, 0x000001b1a202df60, 0x000001b1a202d0f0,
0x000001b1a202d5c0, 0x000001b1a2993040, 0x000001b1a202da90
}

Java Threads: ( => current thread )
  0x000001b182e915d0 JavaThread "main" [_thread_in_vm, id=7080, stack(0x0000009a8ba00000,0x0000009a8bb00000)]
  0x000001b182f49b40 JavaThread "Reference Handler" daemon [_thread_blocked, id=10852, stack(0x0000009a8c100000,0x0000009a8c200000)]
  0x000001b182f4a9b0 JavaThread "Finalizer" daemon [_thread_blocked, id=3444, stack(0x0000009a8c200000,0x0000009a8c300000)]
  0x000001b182f598a0 JavaThread "Signal Dispatcher" daemon [_thread_blocked, id=3460, stack(0x0000009a8c300000,0x0000009a8c400000)]
  0x000001b182f5a360 JavaThread "Attach Listener" daemon [_thread_blocked, id=3680, stack(0x0000009a8c400000,0x0000009a8c500000)]
  0x000001b182f5cd30 JavaThread "Service Thread" daemon [_thread_blocked, id=10468, stack(0x0000009a8c500000,0x0000009a8c600000)]
  0x000001b182f5e600 JavaThread "Monitor Deflation Thread" daemon [_thread_blocked, id=7760, stack(0x0000009a8c600000,0x0000009a8c700000)]
  0x000001b1a1443790 JavaThread "C2 CompilerThread0" daemon [_thread_in_native, id=10840, stack(0x0000009a8c700000,0x0000009a8c800000)]
  0x000001b1a14456b0 JavaThread "C1 CompilerThread0" daemon [_thread_blocked, id=7932, stack(0x0000009a8c800000,0x0000009a8c900000)]
  0x000001b1a1460ba0 JavaThread "Sweeper thread" daemon [_thread_blocked, id=10952, stack(0x0000009a8c900000,0x0000009a8ca00000)]
  0x000001b1a202df60 JavaThread "Common-Cleaner" daemon [_thread_blocked, id=7432, stack(0x0000009a8ca00000,0x0000009a8cb00000)]
  0x000001b1a202d0f0 JavaThread "Monitor Ctrl-Break" daemon [_thread_in_native, id=9316, stack(0x0000009a8cb00000,0x0000009a8cc00000)]
  0x000001b1a202d5c0 JavaThread "Notification Thread" daemon [_thread_blocked, id=972, stack(0x0000009a8cc00000,0x0000009a8cd00000)]
=>0x000001b1a2993040 JavaThread "C2 CompilerThread1" daemon [_thread_in_native, id=7092, stack(0x0000009a8d100000,0x0000009a8d200000)]
  0x000001b1a202da90 JavaThread "background-preinit" [_thread_in_native, id=9348, stack(0x0000009a8d200000,0x0000009a8d300000)]

Other Threads:
  0x000001b182f44680 VMThread "VM Thread" [stack: 0x0000009a8c000000,0x0000009a8c100000] [id=9308]
  0x000001b1a2480960 WatcherThread [stack: 0x0000009a8cd00000,0x0000009a8ce00000] [id=10492]
  0x000001b182ecc920 GCTaskThread "GC Thread#0" [stack: 0x0000009a8bb00000,0x0000009a8bc00000] [id=7408]
  0x000001b1a29440b0 GCTaskThread "GC Thread#1" [stack: 0x0000009a8ce00000,0x0000009a8cf00000] [id=9544]
  0x000001b1a295e7c0 GCTaskThread "GC Thread#2" [stack: 0x0000009a8cf00000,0x0000009a8d000000] [id=10140]
  0x000001b1a2944360 GCTaskThread "GC Thread#3" [stack: 0x0000009a8d000000,0x0000009a8d100000] [id=9584]
  0x000001b182ed6070 ConcurrentGCThread "G1 Main Marker" [stack: 0x0000009a8bc00000,0x0000009a8bd00000] [id=4316]
  0x000001b182ed6a80 ConcurrentGCThread "G1 Conc#0" [stack: 0x0000009a8bd00000,0x0000009a8be00000] [id=7620]
  0x000001b182f22cf0 ConcurrentGCThread "G1 Refine#0" [stack: 0x0000009a8be00000,0x0000009a8bf00000] [id=508]
  0x000001b182f23710 ConcurrentGCThread "G1 Service" [stack: 0x0000009a8bf00000,0x0000009a8c000000] [id=9104]

Threads with active compile tasks:
C2 CompilerThread0     3089 1754   !   4       java.util.concurrent.ConcurrentHashMap::transfer (849 bytes)
C2 CompilerThread1     3089 1700       4       jdk.internal.org.objectweb.asm.Frame::execute (2305 bytes)

VM state: not at safepoint (normal execution)

VM Mutex/Monitor currently owned by a thread: None

Heap address: 0x00000000c4000000, size: 960 MB, Compressed Oops mode: 32-bit

CDS archive(s) mapped at: [0x0000000800000000-0x0000000800bd0000-0x0000000800bd0000), size 12386304, SharedBaseAddress: 0x0000000800000000, ArchiveRelocationMode: 0.
Compressed class space mapped at: 0x0000000800c00000-0x0000000840c00000, reserved size: 1073741824
Narrow klass base: 0x0000000800000000, Narrow klass shift: 0, Narrow klass range: 0x100000000

GC Precious Log:
 CPUs: 4 total, 4 available
 Memory: 3839M
 Large Page Support: Disabled
 NUMA Support: Disabled
 Compressed Oops: Enabled (32-bit)
 Heap Region Size: 1M
 Heap Min Capacity: 8M
 Heap Initial Capacity: 60M
 Heap Max Capacity: 960M
 Pre-touch: Disabled
 Parallel Workers: 4
 Concurrent Workers: 1
 Concurrent Refinement Workers: 4
 Periodic GC: Disabled

Heap:
 garbage-first heap   total 61440K, used 14839K [0x00000000c4000000, 0x0000000100000000)
  region size 1024K, 10 young (10240K), 3 survivors (3072K)
 Metaspace       used 13134K, committed 13376K, reserved 1064960K
  class space    used 1589K, committed 1728K, reserved 1048576K

Heap Regions: E=young(eden), S=young(survivor), O=old, HS=humongous(starts), HC=humongous(continues), CS=collection set, F=free, OA=open archive, CA=closed archive, TAMS=top-at-mark-start (previous, next)
|   0|0x00000000c4000000, 0x00000000c4100000, 0x00000000c4100000|100%|HS|  |TAMS 0x00000000c4000000, 0x00000000c4000000| Complete 
|   1|0x00000000c4100000, 0x00000000c4200000, 0x00000000c4200000|100%| O|  |TAMS 0x00000000c4100000, 0x00000000c4100000| Untracked 
|   2|0x00000000c4200000, 0x00000000c4300000, 0x00000000c4300000|100%| O|  |TAMS 0x00000000c4200000, 0x00000000c4200000| Untracked 
|   3|0x00000000c4300000, 0x00000000c4400000, 0x00000000c4400000|100%| O|  |TAMS 0x00000000c4300000, 0x00000000c4300000| Untracked 
|   4|0x00000000c4400000, 0x00000000c4500000, 0x00000000c4500000|100%| O|  |TAMS 0x00000000c4400000, 0x00000000c4400000| Untracked 
|   5|0x00000000c4500000, 0x00000000c4600000, 0x00000000c4600000|100%| O|  |TAMS 0x00000000c4500000, 0x00000000c4500000| Untracked 
|   6|0x00000000c4600000, 0x00000000c4648a00, 0x00000000c4700000| 28%| O|  |TAMS 0x00000000c4600000, 0x00000000c4600000| Untracked 
|   7|0x00000000c4700000, 0x00000000c4700000, 0x00000000c4800000|  0%| F|  |TAMS 0x00000000c4700000, 0x00000000c4700000| Untracked 
|   8|0x00000000c4800000, 0x00000000c4800000, 0x00000000c4900000|  0%| F|  |TAMS 0x00000000c4800000, 0x00000000c4800000| Untracked 
|   9|0x00000000c4900000, 0x00000000c4900000, 0x00000000c4a00000|  0%| F|  |TAMS 0x00000000c4900000, 0x00000000c4900000| Untracked 
|  10|0x00000000c4a00000, 0x00000000c4a00000, 0x00000000c4b00000|  0%| F|  |TAMS 0x00000000c4a00000, 0x00000000c4a00000| Untracked 
|  11|0x00000000c4b00000, 0x00000000c4b00000, 0x00000000c4c00000|  0%| F|  |TAMS 0x00000000c4b00000, 0x00000000c4b00000| Untracked 
|  12|0x00000000c4c00000, 0x00000000c4c00000, 0x00000000c4d00000|  0%| F|  |TAMS 0x00000000c4c00000, 0x00000000c4c00000| Untracked 
|  13|0x00000000c4d00000, 0x00000000c4d00000, 0x00000000c4e00000|  0%| F|  |TAMS 0x00000000c4d00000, 0x00000000c4d00000| Untracked 
|  14|0x00000000c4e00000, 0x00000000c4e00000, 0x00000000c4f00000|  0%| F|  |TAMS 0x00000000c4e00000, 0x00000000c4e00000| Untracked 
|  15|0x00000000c4f00000, 0x00000000c4f00000, 0x00000000c5000000|  0%| F|  |TAMS 0x00000000c4f00000, 0x00000000c4f00000| Untracked 
|  16|0x00000000c5000000, 0x00000000c5000000, 0x00000000c5100000|  0%| F|  |TAMS 0x00000000c5000000, 0x00000000c5000000| Untracked 
|  17|0x00000000c5100000, 0x00000000c5100000, 0x00000000c5200000|  0%| F|  |TAMS 0x00000000c5100000, 0x00000000c5100000| Untracked 
|  18|0x00000000c5200000, 0x00000000c5200000, 0x00000000c5300000|  0%| F|  |TAMS 0x00000000c5200000, 0x00000000c5200000| Untracked 
|  19|0x00000000c5300000, 0x00000000c5300000, 0x00000000c5400000|  0%| F|  |TAMS 0x00000000c5300000, 0x00000000c5300000| Untracked 
|  20|0x00000000c5400000, 0x00000000c5400000, 0x00000000c5500000|  0%| F|  |TAMS 0x00000000c5400000, 0x00000000c5400000| Untracked 
|  21|0x00000000c5500000, 0x00000000c5500000, 0x00000000c5600000|  0%| F|  |TAMS 0x00000000c5500000, 0x00000000c5500000| Untracked 
|  22|0x00000000c5600000, 0x00000000c5600000, 0x00000000c5700000|  0%| F|  |TAMS 0x00000000c5600000, 0x00000000c5600000| Untracked 
|  23|0x00000000c5700000, 0x00000000c5700000, 0x00000000c5800000|  0%| F|  |TAMS 0x00000000c5700000, 0x00000000c5700000| Untracked 
|  24|0x00000000c5800000, 0x00000000c5800000, 0x00000000c5900000|  0%| F|  |TAMS 0x00000000c5800000, 0x00000000c5800000| Untracked 
|  25|0x00000000c5900000, 0x00000000c5900000, 0x00000000c5a00000|  0%| F|  |TAMS 0x00000000c5900000, 0x00000000c5900000| Untracked 
|  26|0x00000000c5a00000, 0x00000000c5a00000, 0x00000000c5b00000|  0%| F|  |TAMS 0x00000000c5a00000, 0x00000000c5a00000| Untracked 
|  27|0x00000000c5b00000, 0x00000000c5b00000, 0x00000000c5c00000|  0%| F|  |TAMS 0x00000000c5b00000, 0x00000000c5b00000| Untracked 
|  28|0x00000000c5c00000, 0x00000000c5c00000, 0x00000000c5d00000|  0%| F|  |TAMS 0x00000000c5c00000, 0x00000000c5c00000| Untracked 
|  29|0x00000000c5d00000, 0x00000000c5d00000, 0x00000000c5e00000|  0%| F|  |TAMS 0x00000000c5d00000, 0x00000000c5d00000| Untracked 
|  30|0x00000000c5e00000, 0x00000000c5e00000, 0x00000000c5f00000|  0%| F|  |TAMS 0x00000000c5e00000, 0x00000000c5e00000| Untracked 
|  31|0x00000000c5f00000, 0x00000000c5f00000, 0x00000000c6000000|  0%| F|  |TAMS 0x00000000c5f00000, 0x00000000c5f00000| Untracked 
|  32|0x00000000c6000000, 0x00000000c6000000, 0x00000000c6100000|  0%| F|  |TAMS 0x00000000c6000000, 0x00000000c6000000| Untracked 
|  33|0x00000000c6100000, 0x00000000c6100000, 0x00000000c6200000|  0%| F|  |TAMS 0x00000000c6100000, 0x00000000c6100000| Untracked 
|  34|0x00000000c6200000, 0x00000000c6200000, 0x00000000c6300000|  0%| F|  |TAMS 0x00000000c6200000, 0x00000000c6200000| Untracked 
|  35|0x00000000c6300000, 0x00000000c6300000, 0x00000000c6400000|  0%| F|  |TAMS 0x00000000c6300000, 0x00000000c6300000| Untracked 
|  36|0x00000000c6400000, 0x00000000c6400000, 0x00000000c6500000|  0%| F|  |TAMS 0x00000000c6400000, 0x00000000c6400000| Untracked 
|  37|0x00000000c6500000, 0x00000000c6535408, 0x00000000c6600000| 20%| S|CS|TAMS 0x00000000c6500000, 0x00000000c6500000| Complete 
|  38|0x00000000c6600000, 0x00000000c6700000, 0x00000000c6700000|100%| S|CS|TAMS 0x00000000c6600000, 0x00000000c6600000| Complete 
|  39|0x00000000c6700000, 0x00000000c6800000, 0x00000000c6800000|100%| S|CS|TAMS 0x00000000c6700000, 0x00000000c6700000| Complete 
|  40|0x00000000c6800000, 0x00000000c6800000, 0x00000000c6900000|  0%| F|  |TAMS 0x00000000c6800000, 0x00000000c6800000| Untracked 
|  41|0x00000000c6900000, 0x00000000c6900000, 0x00000000c6a00000|  0%| F|  |TAMS 0x00000000c6900000, 0x00000000c6900000| Untracked 
|  42|0x00000000c6a00000, 0x00000000c6a00000, 0x00000000c6b00000|  0%| F|  |TAMS 0x00000000c6a00000, 0x00000000c6a00000| Untracked 
|  43|0x00000000c6b00000, 0x00000000c6b00000, 0x00000000c6c00000|  0%| F|  |TAMS 0x00000000c6b00000, 0x00000000c6b00000| Untracked 
|  44|0x00000000c6c00000, 0x00000000c6c00000, 0x00000000c6d00000|  0%| F|  |TAMS 0x00000000c6c00000, 0x00000000c6c00000| Untracked 
|  45|0x00000000c6d00000, 0x00000000c6d00000, 0x00000000c6e00000|  0%| F|  |TAMS 0x00000000c6d00000, 0x00000000c6d00000| Untracked 
|  46|0x00000000c6e00000, 0x00000000c6e00000, 0x00000000c6f00000|  0%| F|  |TAMS 0x00000000c6e00000, 0x00000000c6e00000| Untracked 
|  47|0x00000000c6f00000, 0x00000000c6f00000, 0x00000000c7000000|  0%| F|  |TAMS 0x00000000c6f00000, 0x00000000c6f00000| Untracked 
|  48|0x00000000c7000000, 0x00000000c7000000, 0x00000000c7100000|  0%| F|  |TAMS 0x00000000c7000000, 0x00000000c7000000| Untracked 
|  49|0x00000000c7100000, 0x00000000c7100000, 0x00000000c7200000|  0%| F|  |TAMS 0x00000000c7100000, 0x00000000c7100000| Untracked 
|  50|0x00000000c7200000, 0x00000000c7200000, 0x00000000c7300000|  0%| F|  |TAMS 0x00000000c7200000, 0x00000000c7200000| Untracked 
|  51|0x00000000c7300000, 0x00000000c7300000, 0x00000000c7400000|  0%| F|  |TAMS 0x00000000c7300000, 0x00000000c7300000| Untracked 
|  52|0x00000000c7400000, 0x00000000c7400000, 0x00000000c7500000|  0%| F|  |TAMS 0x00000000c7400000, 0x00000000c7400000| Untracked 
|  53|0x00000000c7500000, 0x00000000c75306f8, 0x00000000c7600000| 18%| E|  |TAMS 0x00000000c7500000, 0x00000000c7500000| Complete 
|  54|0x00000000c7600000, 0x00000000c7700000, 0x00000000c7700000|100%| E|CS|TAMS 0x00000000c7600000, 0x00000000c7600000| Complete 
|  55|0x00000000c7700000, 0x00000000c7800000, 0x00000000c7800000|100%| E|CS|TAMS 0x00000000c7700000, 0x00000000c7700000| Complete 
|  56|0x00000000c7800000, 0x00000000c7900000, 0x00000000c7900000|100%| E|CS|TAMS 0x00000000c7800000, 0x00000000c7800000| Complete 
|  57|0x00000000c7900000, 0x00000000c7a00000, 0x00000000c7a00000|100%| E|CS|TAMS 0x00000000c7900000, 0x00000000c7900000| Complete 
|  58|0x00000000c7a00000, 0x00000000c7b00000, 0x00000000c7b00000|100%| E|CS|TAMS 0x00000000c7a00000, 0x00000000c7a00000| Complete 
|  59|0x00000000c7b00000, 0x00000000c7c00000, 0x00000000c7c00000|100%| E|CS|TAMS 0x00000000c7b00000, 0x00000000c7b00000| Complete 

Card table byte_map: [0x000001b19cd00000,0x000001b19cee0000] _byte_map_base: 0x000001b19c6e0000

Marking Bits (Prev, Next): (CMBitMap*) 0x000001b182ecdf40, (CMBitMap*) 0x000001b182ecdf80
 Prev Bits: [0x000001b19d0c0000, 0x000001b19dfc0000)
 Next Bits: [0x000001b19dfc0000, 0x000001b19eec0000)

Polling page: 0x000001b182f60000

Metaspace:

Usage:
  Non-class:     11.31 MB used.
      Class:      1.56 MB used.
       Both:     12.87 MB used.

Virtual space:
  Non-class space:       16.00 MB reserved,      11.44 MB ( 71%) committed,  2 nodes.
      Class space:        1.00 GB reserved,       1.69 MB ( <1%) committed,  1 nodes.
             Both:        1.02 GB reserved,      13.13 MB (  1%) committed. 

Chunk freelists:
   Non-Class:  416.00 KB
       Class:  2.27 MB
        Both:  2.67 MB

MaxMetaspaceSize: unlimited
CompressedClassSpaceSize: 1.00 GB
Initial GC threshold: 21.00 MB
Current GC threshold: 21.00 MB
CDS: on
MetaspaceReclaimPolicy: balanced
 - commit_granule_bytes: 65536.
 - commit_granule_words: 8192.
 - virtual_space_node_default_size: 1048576.
 - enlarge_chunks_in_place: 1.
 - new_chunks_are_fully_committed: 0.
 - uncommit_free_chunks: 1.
 - use_allocation_guard: 0.
 - handle_deallocations: 1.


Internal statistics:

num_allocs_failed_limit: 0.
num_arena_births: 156.
num_arena_deaths: 0.
num_vsnodes_births: 3.
num_vsnodes_deaths: 0.
num_space_committed: 210.
num_space_uncommitted: 0.
num_chunks_returned_to_freelist: 0.
num_chunks_taken_from_freelist: 560.
num_chunk_merges: 0.
num_chunk_splits: 382.
num_chunks_enlarged: 311.
num_purges: 0.
num_inconsistent_stats: 0.

CodeHeap 'non-profiled nmethods': size=120000Kb used=605Kb max_used=605Kb free=119394Kb
 bounds [0x000001b194fb0000, 0x000001b195220000, 0x000001b19c4e0000]
CodeHeap 'profiled nmethods': size=120000Kb used=3178Kb max_used=3178Kb free=116821Kb
 bounds [0x000001b18da80000, 0x000001b18dda0000, 0x000001b194fb0000]
CodeHeap 'non-nmethods': size=5760Kb used=1188Kb max_used=1211Kb free=4571Kb
 bounds [0x000001b18d4e0000, 0x000001b18d750000, 0x000001b18da80000]
 total_blobs=2239 nmethods=1755 adapters=397
 compilation: enabled
              stopped_count=0, restarted_count=0
 full_count=0

Compilation events (20 events):
Event: 3.036 Thread 0x000001b1a14456b0 1740       1       org.springframework.core.annotation.AnnotationTypeMapping::getAnnotationType (5 bytes)
Event: 3.036 Thread 0x000001b1a14456b0 nmethod 1740 0x000001b195044790 code [0x000001b195044920, 0x000001b1950449f8]
Event: 3.037 Thread 0x000001b1a14456b0 1742       3       org.springframework.core.annotation.AnnotationsScanner::getDeclaredAnnotations (166 bytes)
Event: 3.038 Thread 0x000001b1a14456b0 nmethod 1742 0x000001b18dd90390 code [0x000001b18dd906a0, 0x000001b18dd91c58]
Event: 3.038 Thread 0x000001b1a14456b0 1743       3       java.util.Collections::emptySet (4 bytes)
Event: 3.038 Thread 0x000001b1a14456b0 nmethod 1743 0x000001b18dd92110 code [0x000001b18dd922a0, 0x000001b18dd92398]
Event: 3.038 Thread 0x000001b1a14456b0 1744       3       org.springframework.util.ConcurrentReferenceHashMap$ReferenceManager::createReference (43 bytes)
Event: 3.039 Thread 0x000001b1a14456b0 nmethod 1744 0x000001b18dd92410 code [0x000001b18dd92600, 0x000001b18dd92b88]
Event: 3.039 Thread 0x000001b1a14456b0 1745       1       org.springframework.core.annotation.AnnotationTypeMapping::getDistance (5 bytes)
Event: 3.039 Thread 0x000001b1a14456b0 nmethod 1745 0x000001b195044a90 code [0x000001b195044c20, 0x000001b195044cf8]
Event: 3.042 Thread 0x000001b1a14456b0 1746       3       java.lang.invoke.BootstrapMethodInvoker::isLambdaMetafactoryIndyBSM (13 bytes)
Event: 3.042 Thread 0x000001b1a14456b0 nmethod 1746 0x000001b18dd92d90 code [0x000001b18dd92f20, 0x000001b18dd93078]
Event: 3.042 Thread 0x000001b1a14456b0 1747       3       java.lang.invoke.InnerClassLambdaMetafactory::<init> (258 bytes)
Event: 3.044 Thread 0x000001b1a1443790 nmethod 1735 0x000001b195044d90 code [0x000001b195044f20, 0x000001b195045498]
Event: 3.044 Thread 0x000001b1a1443790 1741       4       org.springframework.core.annotation.AttributeMethods::size (6 bytes)
Event: 3.045 Thread 0x000001b1a14456b0 nmethod 1747 0x000001b18dd93110 code [0x000001b18dd93520, 0x000001b18dd95458]
Event: 3.045 Thread 0x000001b1a14456b0 1750       3       java.util.AbstractCollection::addAll (42 bytes)
Event: 3.045 Thread 0x000001b1a1443790 nmethod 1741 0x000001b195045810 code [0x000001b195045980, 0x000001b195045a18]
Event: 3.045 Thread 0x000001b1a14456b0 nmethod 1750 0x000001b18dd95f10 code [0x000001b18dd96100, 0x000001b18dd96638]
Event: 3.045 Thread 0x000001b1a14456b0 1748   !   3       java.lang.invoke.MethodHandles$Lookup::revealDirect (196 bytes)

GC Heap History (6 events):
Event: 1.531 GC heap before
{Heap before GC invocations=0 (full 0):
 garbage-first heap   total 61440K, used 13312K [0x00000000c4000000, 0x0000000100000000)
  region size 1024K, 13 young (13312K), 0 survivors (0K)
 Metaspace       used 3648K, committed 3840K, reserved 1056768K
  class space    used 373K, committed 512K, reserved 1048576K
}
Event: 1.542 GC heap after
{Heap after GC invocations=1 (full 0):
 garbage-first heap   total 61440K, used 6453K [0x00000000c4000000, 0x0000000100000000)
  region size 1024K, 2 young (2048K), 2 survivors (2048K)
 Metaspace       used 3648K, committed 3840K, reserved 1056768K
  class space    used 373K, committed 512K, reserved 1048576K
}
Event: 2.127 GC heap before
{Heap before GC invocations=1 (full 0):
 garbage-first heap   total 61440K, used 16693K [0x00000000c4000000, 0x0000000100000000)
  region size 1024K, 12 young (12288K), 2 survivors (2048K)
 Metaspace       used 6521K, committed 6720K, reserved 1056768K
  class space    used 767K, committed 832K, reserved 1048576K
}
Event: 2.135 GC heap after
{Heap after GC invocations=2 (full 0):
 garbage-first heap   total 61440K, used 7320K [0x00000000c4000000, 0x0000000100000000)
  region size 1024K, 1 young (1024K), 1 survivors (1024K)
 Metaspace       used 6521K, committed 6720K, reserved 1056768K
  class space    used 767K, committed 832K, reserved 1048576K
}
Event: 2.940 GC heap before
{Heap before GC invocations=2 (full 0):
 garbage-first heap   total 61440K, used 25752K [0x00000000c4000000, 0x0000000100000000)
  region size 1024K, 20 young (20480K), 1 survivors (1024K)
 Metaspace       used 11633K, committed 11840K, reserved 1064960K
  class space    used 1411K, committed 1472K, reserved 1048576K
}
Event: 2.945 GC heap after
{Heap after GC invocations=3 (full 0):
 garbage-first heap   total 61440K, used 8695K [0x00000000c4000000, 0x0000000100000000)
  region size 1024K, 3 young (3072K), 3 survivors (3072K)
 Metaspace       used 11633K, committed 11840K, reserved 1064960K
  class space    used 1411K, committed 1472K, reserved 1048576K
}

Dll operation events (10 events):
Event: 0.020 Loaded shared library C:\Users\AlejoC\.jdks\liberica-17.0.5\bin\java.dll
Event: 0.060 Loaded shared library C:\Users\AlejoC\.jdks\liberica-17.0.5\bin\jsvml.dll
Event: 0.391 Loaded shared library C:\Users\AlejoC\.jdks\liberica-17.0.5\bin\zip.dll
Event: 0.415 Loaded shared library C:\Users\AlejoC\.jdks\liberica-17.0.5\bin\instrument.dll
Event: 0.514 Loaded shared library C:\Users\AlejoC\.jdks\liberica-17.0.5\bin\net.dll
Event: 0.519 Loaded shared library C:\Users\AlejoC\.jdks\liberica-17.0.5\bin\nio.dll
Event: 0.525 Loaded shared library C:\Users\AlejoC\.jdks\liberica-17.0.5\bin\zip.dll
Event: 0.731 Loaded shared library C:\Program Files\JetBrains\IntelliJ IDEA Community Edition 2022.3.2\bin\breakgen64.dll
Event: 0.873 Loaded shared library C:\Users\AlejoC\.jdks\liberica-17.0.5\bin\jimage.dll
Event: 2.734 Loaded shared library C:\Users\AlejoC\.jdks\liberica-17.0.5\bin\verify.dll

Deoptimization events (20 events):
Event: 2.724 Thread 0x000001b182e915d0 Uncommon trap: trap_request=0xffffff45 fr.pc=0x000001b195010870 relative=0x0000000000000e50
Event: 2.724 Thread 0x000001b182e915d0 Uncommon trap: reason=unstable_if action=reinterpret pc=0x000001b195010870 method=java.util.concurrent.ConcurrentHashMap.addCount(JI)V @ 171 c2
Event: 2.724 Thread 0x000001b182e915d0 DEOPT PACKING pc=0x000001b195010870 sp=0x0000009a8bafc7d0
Event: 2.724 Thread 0x000001b182e915d0 DEOPT UNPACKING pc=0x000001b18d53239d sp=0x0000009a8bafc680 mode 2
Event: 2.725 Thread 0x000001b1a202da90 Uncommon trap: trap_request=0xffffff45 fr.pc=0x000001b195010870 relative=0x0000000000000e50
Event: 2.725 Thread 0x000001b1a202da90 Uncommon trap: reason=unstable_if action=reinterpret pc=0x000001b195010870 method=java.util.concurrent.ConcurrentHashMap.addCount(JI)V @ 171 c2
Event: 2.725 Thread 0x000001b1a202da90 DEOPT PACKING pc=0x000001b195010870 sp=0x0000009a8d2f7bb0
Event: 2.725 Thread 0x000001b1a202da90 DEOPT UNPACKING pc=0x000001b18d53239d sp=0x0000009a8d2f7a60 mode 2
Event: 2.765 Thread 0x000001b182e915d0 Uncommon trap: trap_request=0xffffff45 fr.pc=0x000001b195004a7c relative=0x000000000000109c
Event: 2.765 Thread 0x000001b182e915d0 Uncommon trap: reason=unstable_if action=reinterpret pc=0x000001b195004a7c method=java.io.WinNTFileSystem.normalize(Ljava/lang/String;II)Ljava/lang/String; @ 87 c2
Event: 2.765 Thread 0x000001b182e915d0 DEOPT PACKING pc=0x000001b195004a7c sp=0x0000009a8bafe9a0
Event: 2.765 Thread 0x000001b182e915d0 DEOPT UNPACKING pc=0x000001b18d53239d sp=0x0000009a8bafe8c8 mode 2
Event: 2.968 Thread 0x000001b1a202da90 Uncommon trap: trap_request=0xffffff45 fr.pc=0x000001b194ffe8c8 relative=0x0000000000000048
Event: 2.968 Thread 0x000001b1a202da90 Uncommon trap: reason=unstable_if action=reinterpret pc=0x000001b194ffe8c8 method=java.lang.CharacterData.of(I)Ljava/lang/CharacterData; @ 4 c2
Event: 2.968 Thread 0x000001b1a202da90 DEOPT PACKING pc=0x000001b194ffe8c8 sp=0x0000009a8d2fd1b0
Event: 2.969 Thread 0x000001b1a202da90 DEOPT UNPACKING pc=0x000001b18d53239d sp=0x0000009a8d2fd148 mode 2
Event: 2.991 Thread 0x000001b182e915d0 Uncommon trap: trap_request=0xffffff45 fr.pc=0x000001b1950168e0 relative=0x00000000000002c0
Event: 2.991 Thread 0x000001b182e915d0 Uncommon trap: reason=unstable_if action=reinterpret pc=0x000001b1950168e0 method=jdk.internal.org.objectweb.asm.SymbolTable.put(Ljdk/internal/org/objectweb/asm/SymbolTable$Entry;)Ljdk/internal/org/objectweb/asm/SymbolTable$Entry; @ 13 c2
Event: 2.991 Thread 0x000001b182e915d0 DEOPT PACKING pc=0x000001b1950168e0 sp=0x0000009a8bafd500
Event: 2.991 Thread 0x000001b182e915d0 DEOPT UNPACKING pc=0x000001b18d53239d sp=0x0000009a8bafd480 mode 2

Classes unloaded (0 events):
No events

Classes redefined (0 events):
No events

Internal exceptions (20 events):
Event: 2.100 Thread 0x000001b182e915d0 Exception <a 'java/lang/NoSuchMethodError'{0x00000000c7268bf0}: 'java.lang.Object java.lang.invoke.DirectMethodHandle$Holder.invokeSpecial(java.lang.Object, java.lang.Object, java.lang.Object, java.lang.Object, java.lang.Object, java.lang.Object, java.lang.Object, int)'> (0x00000000c7268bf0) 
thrown [s\src\hotspot\share\interpreter\linkResolver.cpp, line 759]
Event: 2.168 Thread 0x000001b182e915d0 Exception <a 'java/lang/NoSuchMethodError'{0x00000000c7b96fa0}: 'int java.lang.invoke.DirectMethodHandle$Holder.invokeInterface(java.lang.Object, java.lang.Object)'> (0x00000000c7b96fa0) 
thrown [s\src\hotspot\share\interpreter\linkResolver.cpp, line 759]
Event: 2.201 Thread 0x000001b182e915d0 Exception <a 'java/lang/NoSuchMethodError'{0x00000000c7a613a0}: 'void java.lang.invoke.DirectMethodHandle$Holder.invokeSpecial(java.lang.Object, java.lang.Object, java.lang.Object, java.lang.Object, java.lang.Object)'> (0x00000000c7a613a0) 
thrown [s\src\hotspot\share\interpreter\linkResolver.cpp, line 759]
Event: 2.336 Thread 0x000001b182e915d0 Exception <a 'java/lang/NoSuchMethodError'{0x00000000c7889118}: 'void java.lang.invoke.DirectMethodHandle$Holder.invokeSpecial(java.lang.Object, java.lang.Object, java.lang.Object, java.lang.Object, java.lang.Object, java.lang.Object)'> (0x00000000c7889118) 
thrown [s\src\hotspot\share\interpreter\linkResolver.cpp, line 759]
Event: 2.384 Thread 0x000001b182e915d0 Exception <a 'java/lang/NoSuchMethodError'{0x00000000c773ec90}: 'java.lang.Object java.lang.invoke.DirectMethodHandle$Holder.invokeSpecial(java.lang.Object, java.lang.Object, java.lang.Object, int, java.lang.Object)'> (0x00000000c773ec90) 
thrown [s\src\hotspot\share\interpreter\linkResolver.cpp, line 759]
Event: 2.385 Thread 0x000001b182e915d0 Exception <a 'java/lang/NoSuchMethodError'{0x00000000c77472f0}: 'java.lang.Object java.lang.invoke.DirectMethodHandle$Holder.newInvokeSpecial(java.lang.Object, java.lang.Object, java.lang.Object, int, java.lang.Object)'> (0x00000000c77472f0) 
thrown [s\src\hotspot\share\interpreter\linkResolver.cpp, line 759]
Event: 2.388 Thread 0x000001b182e915d0 Exception <a 'java/lang/NoSuchMethodError'{0x00000000c774ecc0}: 'java.lang.Object java.lang.invoke.Invokers$Holder.linkToTargetMethod(java.lang.Object, java.lang.Object, int, java.lang.Object, java.lang.Object)'> (0x00000000c774ecc0) 
thrown [s\src\hotspot\share\interpreter\linkResolver.cpp, line 759]
Event: 2.391 Thread 0x000001b182e915d0 Exception <a 'java/lang/NoSuchMethodError'{0x00000000c775dcc8}: 'java.lang.Object java.lang.invoke.DirectMethodHandle$Holder.newInvokeSpecial(java.lang.Object, int, java.lang.Object)'> (0x00000000c775dcc8) 
thrown [s\src\hotspot\share\interpreter\linkResolver.cpp, line 759]
Event: 2.392 Thread 0x000001b182e915d0 Exception <a 'java/lang/NoSuchMethodError'{0x00000000c7762ce0}: 'int java.lang.invoke.DirectMethodHandle$Holder.invokeSpecialIFC(java.lang.Object, java.lang.Object, java.lang.Object, java.lang.Object)'> (0x00000000c7762ce0) 
thrown [s\src\hotspot\share\interpreter\linkResolver.cpp, line 759]
Event: 2.426 Thread 0x000001b182e915d0 Exception <a 'java/lang/NoSuchMethodError'{0x00000000c761e250}: 'void java.lang.invoke.DirectMethodHandle$Holder.invokeInterface(java.lang.Object, java.lang.Object, java.lang.Object)'> (0x00000000c761e250) 
thrown [s\src\hotspot\share\interpreter\linkResolver.cpp, line 759]
Event: 2.465 Thread 0x000001b182e915d0 Exception <a 'java/lang/NoSuchMethodError'{0x00000000c768dfd0}: 'void java.lang.invoke.DirectMethodHandle$Holder.invokeStaticInit(java.lang.Object, java.lang.Object)'> (0x00000000c768dfd0) 
thrown [s\src\hotspot\share\interpreter\linkResolver.cpp, line 759]
Event: 2.470 Thread 0x000001b182e915d0 Exception <a 'java/lang/NoSuchMethodError'{0x00000000c769ac20}: 'void java.lang.invoke.DirectMethodHandle$Holder.invokeStaticInit(java.lang.Object, java.lang.Object, java.lang.Object)'> (0x00000000c769ac20) 
thrown [s\src\hotspot\share\interpreter\linkResolver.cpp, line 759]
Event: 2.481 Thread 0x000001b182e915d0 Exception <a 'java/lang/NoSuchMethodError'{0x00000000c76d8488}: 'java.lang.Object java.lang.invoke.DirectMethodHandle$Holder.invokeStatic(java.lang.Object, java.lang.Object, long, java.lang.Object)'> (0x00000000c76d8488) 
thrown [s\src\hotspot\share\interpreter\linkResolver.cpp, line 759]
Event: 2.482 Thread 0x000001b182e915d0 Exception <a 'java/lang/NoSuchMethodError'{0x00000000c76dbf20}: 'java.lang.Object java.lang.invoke.DirectMethodHandle$Holder.invokeStaticInit(java.lang.Object, java.lang.Object, long, java.lang.Object)'> (0x00000000c76dbf20) 
thrown [s\src\hotspot\share\interpreter\linkResolver.cpp, line 759]
Event: 2.483 Thread 0x000001b182e915d0 Exception <a 'java/lang/NoSuchMethodError'{0x00000000c76e2660}: 'java.lang.Object java.lang.invoke.DirectMethodHandle$Holder.newInvokeSpecial(java.lang.Object, java.lang.Object, long)'> (0x00000000c76e2660) 
thrown [s\src\hotspot\share\interpreter\linkResolver.cpp, line 759]
Event: 2.484 Thread 0x000001b182e915d0 Exception <a 'java/lang/NoSuchMethodError'{0x00000000c76e61d0}: 'java.lang.Object java.lang.invoke.Invokers$Holder.linkToTargetMethod(java.lang.Object, long, java.lang.Object)'> (0x00000000c76e61d0) 
thrown [s\src\hotspot\share\interpreter\linkResolver.cpp, line 759]
Event: 2.504 Thread 0x000001b182e915d0 Exception <a 'java/lang/NoSuchMethodError'{0x00000000c752aba8}: 'void java.lang.invoke.DirectMethodHandle$Holder.invokeVirtual(java.lang.Object, java.lang.Object, java.lang.Object, java.lang.Object)'> (0x00000000c752aba8) 
thrown [s\src\hotspot\share\interpreter\linkResolver.cpp, line 759]
Event: 2.581 Thread 0x000001b182e915d0 Exception <a 'java/lang/NoSuchMethodError'{0x00000000c7485fe8}: 'void java.lang.invoke.DirectMethodHandle$Holder.invokeSpecial(java.lang.Object, java.lang.Object, java.lang.Object)'> (0x00000000c7485fe8) 
thrown [s\src\hotspot\share\interpreter\linkResolver.cpp, line 759]
Event: 2.596 Thread 0x000001b1a202da90 Exception <a 'java/lang/NoClassDefFoundError'{0x00000000c74d4700}: jakarta/validation/Validation> (0x00000000c74d4700) 
thrown [s\src\hotspot\share\classfile\systemDictionary.cpp, line 245]
Event: 2.596 Thread 0x000001b182e915d0 Exception <a 'java/lang/IncompatibleClassChangeError'{0x00000000c74b8180}: Found class java.lang.Object, but interface was expected> (0x00000000c74b8180) 
thrown [s\src\hotspot\share\interpreter\linkResolver.cpp, line 826]

VM Operations (20 events):
Event: 1.156 Executing VM operation: HandshakeAllThreads
Event: 1.156 Executing VM operation: HandshakeAllThreads done
Event: 1.156 Executing VM operation: Cleanup
Event: 1.156 Executing VM operation: Cleanup done
Event: 1.531 Executing VM operation: G1CollectForAllocation
Event: 1.542 Executing VM operation: G1CollectForAllocation done
Event: 1.776 Executing VM operation: HandshakeAllThreads
Event: 1.776 Executing VM operation: HandshakeAllThreads done
Event: 2.127 Executing VM operation: G1CollectForAllocation
Event: 2.135 Executing VM operation: G1CollectForAllocation done
Event: 2.568 Executing VM operation: HandshakeAllThreads
Event: 2.568 Executing VM operation: HandshakeAllThreads done
Event: 2.576 Executing VM operation: HandshakeAllThreads
Event: 2.576 Executing VM operation: HandshakeAllThreads done
Event: 2.576 Executing VM operation: HandshakeAllThreads
Event: 2.576 Executing VM operation: HandshakeAllThreads done
Event: 2.940 Executing VM operation: G1CollectForAllocation
Event: 2.945 Executing VM operation: G1CollectForAllocation done
Event: 2.969 Executing VM operation: HandshakeAllThreads
Event: 2.969 Executing VM operation: HandshakeAllThreads done

Events (20 events):
Event: 2.972 loading class jdk/internal/reflect/UTF8
Event: 2.973 loading class jdk/internal/reflect/UTF8 done
Event: 2.973 loading class jdk/internal/reflect/Label
Event: 2.973 loading class jdk/internal/reflect/Label done
Event: 2.974 loading class jdk/internal/reflect/Label$PatchInfo
Event: 2.974 loading class jdk/internal/reflect/Label$PatchInfo done
Event: 2.974 loading class jdk/internal/reflect/MethodAccessorGenerator$1
Event: 2.974 loading class jdk/internal/reflect/MethodAccessorGenerator$1 done
Event: 2.974 loading class jdk/internal/reflect/ClassDefiner
Event: 2.974 loading class jdk/internal/reflect/ClassDefiner done
Event: 2.974 loading class jdk/internal/reflect/ClassDefiner$1
Event: 2.974 loading class jdk/internal/reflect/ClassDefiner$1 done
Event: 2.975 loading class jdk/internal/reflect/BootstrapConstructorAccessorImpl
Event: 2.975 loading class jdk/internal/reflect/BootstrapConstructorAccessorImpl done
Event: 2.984 loading class java/lang/annotation/Repeatable
Event: 2.984 loading class java/lang/annotation/Repeatable done
Event: 2.989 loading class java/io/CharArrayReader
Event: 2.989 loading class java/io/CharArrayReader done
Event: 3.033 loading class java/util/RegularEnumSet$EnumSetIterator
Event: 3.033 loading class java/util/RegularEnumSet$EnumSetIterator done


Dynamic libraries:
0x00007ff74f5f0000 - 0x00007ff74f5fd000 	C:\Users\AlejoC\.jdks\liberica-17.0.5\bin\java.exe
0x00007ffd57870000 - 0x00007ffd57a68000 	C:\Windows\SYSTEM32\ntdll.dll
0x00007ffd56980000 - 0x00007ffd56a3f000 	C:\Windows\System32\KERNEL32.DLL
0x00007ffd55280000 - 0x00007ffd55576000 	C:\Windows\System32\KERNELBASE.dll
0x00007ffd557d0000 - 0x00007ffd558d0000 	C:\Windows\System32\ucrtbase.dll
0x00007ffd47130000 - 0x00007ffd47147000 	C:\Users\AlejoC\.jdks\liberica-17.0.5\bin\jli.dll
0x00007ffd45d10000 - 0x00007ffd45d25000 	C:\Users\AlejoC\.jdks\liberica-17.0.5\bin\VCRUNTIME140.dll
0x00007ffd558f0000 - 0x00007ffd55a8d000 	C:\Windows\System32\USER32.dll
0x00007ffd55580000 - 0x00007ffd555a2000 	C:\Windows\System32\win32u.dll
0x00007ffd567c0000 - 0x00007ffd567ec000 	C:\Windows\System32\GDI32.dll
0x00007ffd54fe0000 - 0x00007ffd550f5000 	C:\Windows\System32\gdi32full.dll
0x00007ffd551b0000 - 0x00007ffd5524d000 	C:\Windows\System32\msvcp_win.dll
0x00007ffd482f0000 - 0x00007ffd4858a000 	C:\Windows\WinSxS\amd64_microsoft.windows.common-controls_6595b64144ccf1df_6.0.19041.1110_none_60b5254171f9507e\COMCTL32.dll
0x00007ffd57210000 - 0x00007ffd572ae000 	C:\Windows\System32\msvcrt.dll
0x00007ffd56fa0000 - 0x00007ffd56fd0000 	C:\Windows\System32\IMM32.DLL
0x00007ffd33530000 - 0x00007ffd335cb000 	C:\Users\AlejoC\.jdks\liberica-17.0.5\bin\msvcp140.dll
0x00007ffd30220000 - 0x00007ffd30e3c000 	C:\Users\AlejoC\.jdks\liberica-17.0.5\bin\server\jvm.dll
0x00007ffd56310000 - 0x00007ffd563bf000 	C:\Windows\System32\ADVAPI32.dll
0x00007ffd56720000 - 0x00007ffd567bc000 	C:\Windows\System32\sechost.dll
0x00007ffd572d0000 - 0x00007ffd573f6000 	C:\Windows\System32\RPCRT4.dll
0x00007ffd51db0000 - 0x00007ffd51dd7000 	C:\Windows\SYSTEM32\WINMM.dll
0x00007ffd50980000 - 0x00007ffd50989000 	C:\Windows\SYSTEM32\WSOCK32.dll
0x00007ffd4d1a0000 - 0x00007ffd4d1aa000 	C:\Windows\SYSTEM32\VERSION.dll
0x00007ffd56910000 - 0x00007ffd5697b000 	C:\Windows\System32\WS2_32.dll
0x00007ffd52d50000 - 0x00007ffd52d62000 	C:\Windows\SYSTEM32\kernel.appcore.dll
0x00007ffd47880000 - 0x00007ffd4788a000 	C:\Users\AlejoC\.jdks\liberica-17.0.5\bin\jimage.dll
0x00007ffd44c80000 - 0x00007ffd44e64000 	C:\Windows\SYSTEM32\DBGHELP.DLL
0x00007ffd442f0000 - 0x00007ffd44324000 	C:\Windows\SYSTEM32\dbgcore.DLL
0x00007ffd54f50000 - 0x00007ffd54fd2000 	C:\Windows\System32\bcryptPrimitives.dll
0x00007ffd45ac0000 - 0x00007ffd45ace000 	C:\Users\AlejoC\.jdks\liberica-17.0.5\bin\instrument.dll
0x00007ffd45ce0000 - 0x00007ffd45d05000 	C:\Users\AlejoC\.jdks\liberica-17.0.5\bin\java.dll
0x00007ffd32cf0000 - 0x00007ffd32dc6000 	C:\Users\AlejoC\.jdks\liberica-17.0.5\bin\jsvml.dll
0x00007ffd55af0000 - 0x00007ffd56234000 	C:\Windows\System32\SHELL32.dll
0x00007ffd53030000 - 0x00007ffd537c3000 	C:\Windows\SYSTEM32\windows.storage.dll
0x00007ffd563c0000 - 0x00007ffd56714000 	C:\Windows\System32\combase.dll
0x00007ffd549b0000 - 0x00007ffd549de000 	C:\Windows\SYSTEM32\Wldp.dll
0x00007ffd57400000 - 0x00007ffd574ad000 	C:\Windows\System32\SHCORE.dll
0x00007ffd575c0000 - 0x00007ffd57615000 	C:\Windows\System32\shlwapi.dll
0x00007ffd54e90000 - 0x00007ffd54eaf000 	C:\Windows\SYSTEM32\profapi.dll
0x00007ffd459e0000 - 0x00007ffd459f8000 	C:\Users\AlejoC\.jdks\liberica-17.0.5\bin\zip.dll
0x00007ffd45cc0000 - 0x00007ffd45cd9000 	C:\Users\AlejoC\.jdks\liberica-17.0.5\bin\net.dll
0x00007ffd4c410000 - 0x00007ffd4c51a000 	C:\Windows\SYSTEM32\WINHTTP.dll
0x00007ffd54710000 - 0x00007ffd5477a000 	C:\Windows\system32\mswsock.dll
0x00007ffd45a00000 - 0x00007ffd45a15000 	C:\Users\AlejoC\.jdks\liberica-17.0.5\bin\nio.dll
0x00007ffd3c4b0000 - 0x00007ffd3c4ca000 	C:\Program Files\JetBrains\IntelliJ IDEA Community Edition 2022.3.2\bin\breakgen64.dll
0x00007ffd46cc0000 - 0x00007ffd46cd0000 	C:\Users\AlejoC\.jdks\liberica-17.0.5\bin\verify.dll

dbghelp: loaded successfully - version: 4.0.5 - missing functions: none
symbol engine: initialized successfully - sym options: 0x614 - pdb path: .;C:\Users\AlejoC\.jdks\liberica-17.0.5\bin;C:\Windows\SYSTEM32;C:\Windows\WinSxS\amd64_microsoft.windows.common-controls_6595b64144ccf1df_6.0.19041.1110_none_60b5254171f9507e;C:\Users\AlejoC\.jdks\liberica-17.0.5\bin\server;C:\Program Files\JetBrains\IntelliJ IDEA Community Edition 2022.3.2\bin

VM Arguments:
jvm_args: -javaagent:C:\Program Files\JetBrains\IntelliJ IDEA Community Edition 2022.3.2\lib\idea_rt.jar=53257:C:\Program Files\JetBrains\IntelliJ IDEA Community Edition 2022.3.2\bin -Dfile.encoding=UTF-8 
java_command: com.example.Security.SecurityApplication
java_class_path (initial): C:\Users\AlejoC\Desktop\Projectos Personales\pp3 BackEnd\pp3-BackEnd\target\classes;C:\Users\AlejoC\.m2\repository\org\springframework\boot\spring-boot-starter-data-jpa\3.0.6\spring-boot-starter-data-jpa-3.0.6.jar;C:\Users\AlejoC\.m2\repository\org\springframework\boot\spring-boot-starter-aop\3.0.6\spring-boot-starter-aop-3.0.6.jar;C:\Users\AlejoC\.m2\repository\org\aspectj\aspectjweaver\1.9.19\aspectjweaver-1.9.19.jar;C:\Users\AlejoC\.m2\repository\org\springframework\boot\spring-boot-starter-jdbc\3.0.6\spring-boot-starter-jdbc-3.0.6.jar;C:\Users\AlejoC\.m2\repository\com\zaxxer\HikariCP\5.0.1\HikariCP-5.0.1.jar;C:\Users\AlejoC\.m2\repository\org\springframework\spring-jdbc\6.0.8\spring-jdbc-6.0.8.jar;C:\Users\AlejoC\.m2\repository\org\hibernate\orm\hibernate-core\6.1.7.Final\hibernate-core-6.1.7.Final.jar;C:\Users\AlejoC\.m2\repository\jakarta\persistence\jakarta.persistence-api\3.1.0\jakarta.persistence-api-3.1.0.jar;C:\Users\AlejoC\.m2\repository\jakarta\transaction\jakarta.transaction-api\2.0.1\jakarta.transaction-api-2.0.1.jar;C:\Users\AlejoC\.m2\repository\org\jboss\logging\jboss-logging\3.5.0.Final\jboss-logging-3.5.0.Final.jar;C:\Users\AlejoC\.m2\repository\org\hibernate\common\hibernate-commons-annotations\6.0.6.Final\hibernate-commons-annotations-6.0.6.Final.jar;C:\Users\AlejoC\.m2\repository\org\jboss\jandex\2.4.2.Final\jandex-2.4.2.Final.jar;C:\Users\AlejoC\.m2\repository\com\fasterxml\classmate\1.5.1\classmate-1.5.1.jar;C:\Users\AlejoC\.m2\repository\net\bytebuddy\byte-buddy\1.12.23\byte-buddy-1.12.23.jar;C:\Users\AlejoC\.m2\repository\org\glassfish\jaxb\jaxb-runtime\4.0.2\jaxb-runtime-4.0.2.jar;C:\Users\AlejoC\.m2\repository\org\glassfish\jaxb\jaxb-core\4.0.2\jaxb-core-4.0.2.jar;C:\Users\AlejoC\.m2\repository\org\eclipse\angus\angus-activation\2.0.0\angus-activation-2.0.0.jar;C:\Users\AlejoC\.m2\repository\org\glassfish\jaxb\txw2\4.0.2\txw2-4.0.2.jar;C:\Users\AlejoC\.m2\repository\com\sun\istack\istack-commons-runtime\4.1.
Launcher Type: SUN_STANDARD

[Global flags]
     intx CICompilerCount                          = 3                                         {product} {ergonomic}
     uint ConcGCThreads                            = 1                                         {product} {ergonomic}
     uint G1ConcRefinementThreads                  = 4                                         {product} {ergonomic}
   size_t G1HeapRegionSize                         = 1048576                                   {product} {ergonomic}
    uintx GCDrainStackTargetSize                   = 64                                        {product} {ergonomic}
   size_t InitialHeapSize                          = 62914560                                  {product} {ergonomic}
   size_t MarkStackSize                            = 4194304                                   {product} {ergonomic}
   size_t MaxHeapSize                              = 1006632960                                {product} {ergonomic}
   size_t MaxNewSize                               = 603979776                                 {product} {ergonomic}
   size_t MinHeapDeltaBytes                        = 1048576                                   {product} {ergonomic}
   size_t MinHeapSize                              = 8388608                                   {product} {ergonomic}
    uintx NonNMethodCodeHeapSize                   = 5832780                                {pd product} {ergonomic}
    uintx NonProfiledCodeHeapSize                  = 122912730                              {pd product} {ergonomic}
    uintx ProfiledCodeHeapSize                     = 122912730                              {pd product} {ergonomic}
    uintx ReservedCodeCacheSize                    = 251658240                              {pd product} {ergonomic}
     bool SegmentedCodeCache                       = true                                      {product} {ergonomic}
   size_t SoftMaxHeapSize                          = 1006632960                             {manageable} {ergonomic}
     bool UseCompressedClassPointers               = true                           {product lp64_product} {ergonomic}
     bool UseCompressedOops                        = true                           {product lp64_product} {ergonomic}
     bool UseG1GC                                  = true                                      {product} {ergonomic}
     bool UseLargePagesIndividualAllocation        = false                                  {pd product} {ergonomic}

Logging:
Log output configuration:
 #0: stdout all=warning uptime,level,tags
 #1: stderr all=off uptime,level,tags

Environment Variables:
JAVA_HOME=C:\Program Files\JDK\jdk17
PATH=C:\Users\AlejoC\AppData\Local\Programs\Python\Python311\Scripts\;C:\Users\AlejoC\AppData\Local\Programs\Python\Python311\;"C:\Users\AlejoC\AppData\Local\Programs\Python\Python311;C:\Users\AlejoC\AppData\Local\Programs\Python\Python311\Scripts";C:\Program Files\JDK\jdk17\bin;C:\Program Files\apache-maven-3.9.0\bin;C:\Windows\system32;C:\Windows;C:\Windows\System32\Wbem;C:\Windows\System32\WindowsPowerShell\v1.0\;C:\Windows\System32\OpenSSH\;C:\Program Files\dotnet\;C:\Program Files\Git\cmd;C:\Program Files\nodejs\;C:\ProgramData\chocolatey\bin;C:\Program Files\MySQL\MySQL Shell 8.0\bin\;C:\Program Files\JetBrains\PyCharm Community Edition 2022.2.4\bin;;C:\Users\AlejoC\AppData\Local\Programs\Microsoft VS Code\bin;C:\Program Files\JetBrains\IntelliJ IDEA Community Edition 2022.3.2\bin;;C:\Users\AlejoC\AppData\Roaming\npm
USERNAME=AlejoC
OS=Windows_NT
PROCESSOR_IDENTIFIER=AMD64 Family 16 Model 4 Stepping 2, AuthenticAMD
TMP=C:\Users\AlejoC\AppData\Local\Temp
TEMP=C:\Users\AlejoC\AppData\Local\Temp



---------------  S Y S T E M  ---------------

OS:
 Windows 10 , 64 bit Build 19041 (10.0.19041.2913)
OS uptime: 6 days 1:25 hours

CPU: total 4 (initial active 4) (4 cores per cpu, 1 threads per core) family 16 model 4 stepping 2 microcode 0x0, cx8, cmov, fxsr, mmx, 3dnowpref, sse, sse2, sse3, sse4a, popcnt, lzcnt, tsc, tscinvbit, clflush

Memory: 4k page, system-wide physical 3839M (432M free)
TotalPageFile size 8959M (AvailPageFile size 3M)
current process WorkingSet (physical memory assigned to process): 94M, peak: 94M
current process commit charge ("private bytes"): 160M, peak: 160M

vm_info: OpenJDK 64-Bit Server VM (17.0.5+8-LTS) for windows-amd64 JRE (17.0.5+8-LTS), built on Oct 14 2022 02:23:43 by "" with MS VC++ 15.9 (VS2017)

END.
